<?xml version="1.0" encoding="UTF-8"?>
<coverage generated="1637422895634" clover="3.2.0">
  <project timestamp="1637422895634" name="All files">
    <metrics statements="18" coveredstatements="14" conditionals="18" coveredconditionals="13" methods="4" coveredmethods="4" elements="40" coveredelements="31" complexity="0" loc="18" ncloc="18" packages="1" files="4" classes="4"/>
    <file name="div.js" path="/home/normacarrillo/Área de Trabalho/kalculadora/src/div.js">
      <metrics statements="6" coveredstatements="5" conditionals="6" coveredconditionals="4" methods="1" coveredmethods="1"/>
      <line num="4" count="4" type="cond" truecount="3" falsecount="1"/>
      <line num="5" count="4" type="cond" truecount="1" falsecount="1"/>
      <line num="6" count="4" type="stmt"/>
      <line num="9" count="0" type="stmt"/>
      <line num="16" count="2" type="stmt"/>
      <line num="20" count="2" type="stmt"/>
    </file>
    <file name="multiply.js" path="/home/normacarrillo/Área de Trabalho/kalculadora/src/multiply.js">
      <metrics statements="4" coveredstatements="3" conditionals="4" coveredconditionals="3" methods="1" coveredmethods="1"/>
      <line num="3" count="4" type="cond" truecount="3" falsecount="1"/>
      <line num="5" count="4" type="stmt"/>
      <line num="9" count="0" type="stmt"/>
      <line num="18" count="2" type="stmt"/>
    </file>
    <file name="substract.js" path="/home/normacarrillo/Área de Trabalho/kalculadora/src/substract.js">
      <metrics statements="4" coveredstatements="3" conditionals="4" coveredconditionals="3" methods="1" coveredmethods="1"/>
      <line num="3" count="4" type="cond" truecount="3" falsecount="1"/>
      <line num="5" count="4" type="stmt"/>
      <line num="8" count="0" type="stmt"/>
      <line num="14" count="2" type="stmt"/>
    </file>
    <file name="sum.js" path="/home/normacarrillo/Área de Trabalho/kalculadora/src/sum.js">
      <metrics statements="4" coveredstatements="3" conditionals="4" coveredconditionals="3" methods="1" coveredmethods="1"/>
      <line num="5" count="4" type="cond" truecount="3" falsecount="1"/>
      <line num="7" count="4" type="stmt"/>
      <line num="10" count="0" type="stmt"/>
      <line num="17" count="2" type="stmt"/>
    </file>
  </project>
</coverage>
