{"/home/normacarrillo/Área de Trabalho/kalculadora/src/div.js": {"path":"/home/normacarrillo/Área de Trabalho/kalculadora/src/div.js","statementMap":{"0":{"start":{"line":4,"column":4},"end":{"line":10,"column":5}},"1":{"start":{"line":5,"column":8},"end":{"line":10,"column":5}},"2":{"start":{"line":6,"column":8},"end":{"line":6,"column":18}},"3":{"start":{"line":9,"column":8},"end":{"line":9,"column":20}},"4":{"start":{"line":16,"column":0},"end":{"line":16,"column":31}},"5":{"start":{"line":20,"column":0},"end":{"line":20,"column":20}}},"fnMap":{"0":{"name":"divide","decl":{"start":{"line":2,"column":9},"end":{"line":2,"column":15}},"loc":{"start":{"line":2,"column":20},"end":{"line":12,"column":1}},"line":2}},"branchMap":{"0":{"loc":{"start":{"line":4,"column":4},"end":{"line":10,"column":5}},"type":"if","locations":[{"start":{"line":4,"column":4},"end":{"line":10,"column":5}},{"start":{},"end":{}}],"line":4},"1":{"loc":{"start":{"line":4,"column":8},"end":{"line":4,"column":50}},"type":"binary-expr","locations":[{"start":{"line":4,"column":8},"end":{"line":4,"column":27}},{"start":{"line":4,"column":31},"end":{"line":4,"column":50}}],"line":4},"2":{"loc":{"start":{"line":5,"column":8},"end":{"line":10,"column":5}},"type":"if","locations":[{"start":{"line":5,"column":8},"end":{"line":10,"column":5}},{"start":{"line":7,"column":9},"end":{"line":10,"column":5}}],"line":5}},"s":{"0":4,"1":4,"2":4,"3":0,"4":2,"5":2},"f":{"0":4},"b":{"0":[4,0],"1":[4,4],"2":[4,0]},"_coverageSchema":"1a1c01bbd47fc00a2c39e90264f33305004495a9","hash":"85523fc3697cfd946ddaa7bf1c969b4d48bdccba"}
,"/home/normacarrillo/Área de Trabalho/kalculadora/src/multiply.js": {"path":"/home/normacarrillo/Área de Trabalho/kalculadora/src/multiply.js","statementMap":{"0":{"start":{"line":3,"column":4},"end":{"line":10,"column":5}},"1":{"start":{"line":5,"column":8},"end":{"line":5,"column":18}},"2":{"start":{"line":9,"column":8},"end":{"line":9,"column":20}},"3":{"start":{"line":18,"column":0},"end":{"line":18,"column":35}}},"fnMap":{"0":{"name":"multiply","decl":{"start":{"line":1,"column":9},"end":{"line":1,"column":17}},"loc":{"start":{"line":1,"column":22},"end":{"line":12,"column":1}},"line":1}},"branchMap":{"0":{"loc":{"start":{"line":3,"column":4},"end":{"line":10,"column":5}},"type":"if","locations":[{"start":{"line":3,"column":4},"end":{"line":10,"column":5}},{"start":{"line":7,"column":9},"end":{"line":10,"column":5}}],"line":3},"1":{"loc":{"start":{"line":3,"column":8},"end":{"line":3,"column":50}},"type":"binary-expr","locations":[{"start":{"line":3,"column":8},"end":{"line":3,"column":27}},{"start":{"line":3,"column":31},"end":{"line":3,"column":50}}],"line":3}},"s":{"0":4,"1":4,"2":0,"3":2},"f":{"0":4},"b":{"0":[4,0],"1":[4,4]},"_coverageSchema":"1a1c01bbd47fc00a2c39e90264f33305004495a9","hash":"b42ad6055d68b41cdaa758e71871d86fbee8fab9"}
,"/home/normacarrillo/Área de Trabalho/kalculadora/src/substract.js": {"path":"/home/normacarrillo/Área de Trabalho/kalculadora/src/substract.js","statementMap":{"0":{"start":{"line":3,"column":4},"end":{"line":9,"column":5}},"1":{"start":{"line":5,"column":8},"end":{"line":5,"column":18}},"2":{"start":{"line":8,"column":8},"end":{"line":8,"column":20}},"3":{"start":{"line":14,"column":0},"end":{"line":14,"column":26}}},"fnMap":{"0":{"name":"subs","decl":{"start":{"line":1,"column":9},"end":{"line":1,"column":13}},"loc":{"start":{"line":1,"column":18},"end":{"line":11,"column":1}},"line":1}},"branchMap":{"0":{"loc":{"start":{"line":3,"column":4},"end":{"line":9,"column":5}},"type":"if","locations":[{"start":{"line":3,"column":4},"end":{"line":9,"column":5}},{"start":{"line":6,"column":9},"end":{"line":9,"column":5}}],"line":3},"1":{"loc":{"start":{"line":3,"column":8},"end":{"line":3,"column":50}},"type":"binary-expr","locations":[{"start":{"line":3,"column":8},"end":{"line":3,"column":27}},{"start":{"line":3,"column":31},"end":{"line":3,"column":50}}],"line":3}},"s":{"0":4,"1":4,"2":0,"3":2},"f":{"0":4},"b":{"0":[4,0],"1":[4,4]},"_coverageSchema":"1a1c01bbd47fc00a2c39e90264f33305004495a9","hash":"b88ffab474beb9aac99bc114ed73123cf8a8666f"}
,"/home/normacarrillo/Área de Trabalho/kalculadora/src/sum.js": {"path":"/home/normacarrillo/Área de Trabalho/kalculadora/src/sum.js","statementMap":{"0":{"start":{"line":5,"column":4},"end":{"line":11,"column":5}},"1":{"start":{"line":7,"column":8},"end":{"line":7,"column":18}},"2":{"start":{"line":10,"column":7},"end":{"line":10,"column":19}},"3":{"start":{"line":17,"column":0},"end":{"line":17,"column":27}}},"fnMap":{"0":{"name":"soma","decl":{"start":{"line":3,"column":9},"end":{"line":3,"column":13}},"loc":{"start":{"line":3,"column":18},"end":{"line":13,"column":1}},"line":3}},"branchMap":{"0":{"loc":{"start":{"line":5,"column":4},"end":{"line":11,"column":5}},"type":"if","locations":[{"start":{"line":5,"column":4},"end":{"line":11,"column":5}},{"start":{"line":8,"column":9},"end":{"line":11,"column":5}}],"line":5},"1":{"loc":{"start":{"line":5,"column":8},"end":{"line":5,"column":50}},"type":"binary-expr","locations":[{"start":{"line":5,"column":8},"end":{"line":5,"column":27}},{"start":{"line":5,"column":31},"end":{"line":5,"column":50}}],"line":5}},"s":{"0":4,"1":4,"2":0,"3":2},"f":{"0":4},"b":{"0":[4,0],"1":[4,4]},"_coverageSchema":"1a1c01bbd47fc00a2c39e90264f33305004495a9","hash":"908d1f8f32016a94f1f3aedb16e70072f80fe757"}
}
