TN:
SF:src/div.js
FN:2,divide
FNF:1
FNH:1
FNDA:4,divide
DA:4,4
DA:5,4
DA:6,4
DA:9,0
DA:16,2
DA:20,2
LF:6
LH:5
BRDA:4,0,0,4
BRDA:4,0,1,0
BRDA:4,1,0,4
BRDA:4,1,1,4
BRDA:5,2,0,4
BRDA:5,2,1,0
BRF:6
BRH:4
end_of_record
TN:
SF:src/multiply.js
FN:1,multiply
FNF:1
FNH:1
FNDA:4,multiply
DA:3,4
DA:5,4
DA:9,0
DA:18,2
LF:4
LH:3
BRDA:3,0,0,4
BRDA:3,0,1,0
BRDA:3,1,0,4
BRDA:3,1,1,4
BRF:4
BRH:3
end_of_record
TN:
SF:src/substract.js
FN:1,subs
FNF:1
FNH:1
FNDA:4,subs
DA:3,4
DA:5,4
DA:8,0
DA:14,2
LF:4
LH:3
BRDA:3,0,0,4
BRDA:3,0,1,0
BRDA:3,1,0,4
BRDA:3,1,1,4
BRF:4
BRH:3
end_of_record
TN:
SF:src/sum.js
FN:3,soma
FNF:1
FNH:1
FNDA:4,soma
DA:5,4
DA:7,4
DA:10,0
DA:17,2
LF:4
LH:3
BRDA:5,0,0,4
BRDA:5,0,1,0
BRDA:5,1,0,4
BRDA:5,1,1,4
BRF:4
BRH:3
end_of_record
